<?xml version="1.0" encoding="UTF-8"?>
<!-- Generated by org.testng.reporters.JUnitReportReporter -->
<testsuite hostname="DESKTOP-MSAAUV7" failures="0" tests="2" name="com.multitest.HWTestNGfirstrun" time="13.142" errors="0" timestamp="2022-07-06T14:16:09 CDT" skipped="0">
  <testcase classname="com.multitest.HWTestNGfirstrun" name="PrintInReverse" time="7.465"/>
  <system-out/>
  <testcase classname="com.multitest.HWTestNGfirstrun" name="PrintTillIndia" time="5.677"/>
  <system-out/>
</testsuite> <!-- com.multitest.HWTestNGfirstrun -->
