<?xml version="1.0" encoding="UTF-8"?>
<!-- Generated by org.testng.reporters.JUnitReportReporter -->
<testsuite hostname="DESKTOP-MSAAUV7" failures="0" tests="2" name="com.multitest.HWTestNGfirstrun" time="25.082" errors="0" timestamp="2022-06-30T15:57:27 CDT" skipped="0">
  <testcase classname="com.multitest.HWTestNGfirstrun" name="PrintInReverse" time="15.176"/>
  <system-out/>
  <testcase classname="com.multitest.HWTestNGfirstrun" name="PrintTillIndia" time="9.906"/>
  <system-out/>
</testsuite> <!-- com.multitest.HWTestNGfirstrun -->
